pace/pyuml$ gradle build
complex assoc StudentCourseGrade owns Student named belongsToStudent [1-1]
complex assoc Course owns StudyPath named isPartOfStudyPath [1-1]
complex assoc APerson owns Address named livesAtAddress [1-1]
complex assoc StudentCourseGrade owns Course named hasCourse [1-1]
complex assoc StudyPath owns StudyTheme named generalStudyTheme [1-1]
complex assoc Student owns Course named participatesCourse [0-*]
complex assoc Course owns Student named participatesStudent [0-*]
complex assoc Course owns Lecturer named heldByLecturer [0-*]
Simple Association Course owns Period named period
complex assoc Lecturer owns StudyTheme named coreStudyTheme [1-1]
complex assoc StudyPath owns StudyTheme named belongsToStudyTheme [1-1]
:compileJava
Download http://repo1.maven.org/maven2/javax/persistence/persistence-api/1.0/persistence-api-1.0.pom
Download http://repo1.maven.org/maven2/org/testng/testng/6.8.5/testng-6.8.5.pom
Download http://repo1.maven.org/maven2/org/sonatype/oss/oss-parent/3/oss-parent-3.pom
Download http://repo1.maven.org/maven2/org/eclipse/persistence/org.eclipse.persistence.core/2.5.0/org.eclipse.persistence.core-2.5.0.pom
Download http://repo1.maven.org/maven2/org/eclipse/persistence/org.eclipse.persistence.jpa/2.5.0/org.eclipse.persistence.jpa-2.5.0.pom
Download http://repo1.maven.org/maven2/com/h2database/h2/1.3.173/h2-1.3.173.pom
Download http://repo1.maven.org/maven2/junit/junit/4.10/junit-4.10.pom
Download http://repo1.maven.org/maven2/org/beanshell/bsh/2.0b4/bsh-2.0b4.pom
Download http://repo1.maven.org/maven2/org/beanshell/beanshell/2.0b4/beanshell-2.0b4.pom
Download http://repo1.maven.org/maven2/com/beust/jcommander/1.27/jcommander-1.27.pom
Download http://repo1.maven.org/maven2/org/yaml/snakeyaml/1.6/snakeyaml-1.6.pom
Download http://repo1.maven.org/maven2/org/eclipse/persistence/org.eclipse.persistence.asm/2.5.0/org.eclipse.persistence.asm-2.5.0.pom
Download http://repo1.maven.org/maven2/org/eclipse/persistence/javax.persistence/2.1.0/javax.persistence-2.1.0.pom
Download http://repo1.maven.org/maven2/org/eclipse/persistence/org.eclipse.persistence.antlr/2.5.0/org.eclipse.persistence.antlr-2.5.0.pom
Download http://repo1.maven.org/maven2/org/eclipse/persistence/org.eclipse.persistence.jpa.jpql/2.5.0/org.eclipse.persistence.jpa.jpql-2.5.0.pom
Download http://repo1.maven.org/maven2/org/hamcrest/hamcrest-core/1.1/hamcrest-core-1.1.pom
Download http://repo1.maven.org/maven2/org/hamcrest/hamcrest-parent/1.1/hamcrest-parent-1.1.pom
Download http://repo1.maven.org/maven2/javax/persistence/persistence-api/1.0/persistence-api-1.0.jar
Download http://repo1.maven.org/maven2/org/testng/testng/6.8.5/testng-6.8.5.jar
Download http://repo1.maven.org/maven2/org/eclipse/persistence/org.eclipse.persistence.core/2.5.0/org.eclipse.persistence.core-2.5.0.jar
Download http://repo1.maven.org/maven2/org/eclipse/persistence/org.eclipse.persistence.jpa/2.5.0/org.eclipse.persistence.jpa-2.5.0.jar
Download http://repo1.maven.org/maven2/com/h2database/h2/1.3.173/h2-1.3.173.jar
Download http://repo1.maven.org/maven2/org/hamcrest/hamcrest-core/1.1/hamcrest-core-1.1.jar
Download http://repo1.maven.org/maven2/junit/junit/4.10/junit-4.10.jar
Download http://repo1.maven.org/maven2/org/beanshell/bsh/2.0b4/bsh-2.0b4.jar
Download http://repo1.maven.org/maven2/com/beust/jcommander/1.27/jcommander-1.27.jar
Download http://repo1.maven.org/maven2/org/yaml/snakeyaml/1.6/snakeyaml-1.6.jar
Download http://repo1.maven.org/maven2/org/eclipse/persistence/org.eclipse.persistence.asm/2.5.0/org.eclipse.persistence.asm-2.5.0.jar
Download http://repo1.maven.org/maven2/org/eclipse/persistence/javax.persistence/2.1.0/javax.persistence-2.1.0.jar
Download http://repo1.maven.org/maven2/org/eclipse/persistence/org.eclipse.persistence.antlr/2.5.0/org.eclipse.persistence.antlr-2.5.0.jar
Download http://repo1.maven.org/maven2/org/eclipse/persistence/org.eclipse.persistence.jpa.jpql/2.5.0/org.eclipse.persistence.jpa.jpql-2.5.0.jar
:processResources UP-TO-DATE
:classes
:jar
:assemble
:compileTestJava
:processTestResources
:testClasses
:test
:check
:build

BUILD SUCCESSFUL

Total time: 15.289 secs
